<?xml version="1.0" encoding="UTF-8"?>
<testng-results ignored="0" total="1" passed="1" failed="0" skipped="0">
  <reporter-output>
  </reporter-output>
  <suite started-at="2022-05-08T15:44:19 MDT" name="SeleniumBanking" finished-at="2022-05-08T15:44:28 MDT" duration-ms="8369">
    <groups>
    </groups>
    <test started-at="2022-05-08T15:44:19 MDT" name="BankingApp Test" finished-at="2022-05-08T15:44:28 MDT" duration-ms="8369">
      <class name="BankingTestCases.TC_LoginTest_001">
        <test-method is-config="true" signature="setup(java.lang.String)[pri:0, instance:BankingTestCases.TC_LoginTest_001@54422e18]" started-at="2022-05-08T15:44:20 MDT" name="setup" finished-at="2022-05-08T15:44:27 MDT" duration-ms="6992" status="PASS">
          <params>
            <param index="0">
              <value>
                <![CDATA[chrome]]>
              </value>
            </param>
          </params>
          <reporter-output>
          </reporter-output>
        </test-method> <!-- setup -->
        <test-method signature="loginTest()[pri:0, instance:BankingTestCases.TC_LoginTest_001@54422e18]" started-at="2022-05-08T15:44:27 MDT" name="loginTest" finished-at="2022-05-08T15:44:28 MDT" duration-ms="1069" status="PASS">
          <reporter-output>
          </reporter-output>
        </test-method> <!-- loginTest -->
        <test-method is-config="true" signature="teardown()[pri:0, instance:BankingTestCases.TC_LoginTest_001@54422e18]" started-at="2022-05-08T15:44:28 MDT" name="teardown" finished-at="2022-05-08T15:44:28 MDT" duration-ms="171" status="PASS">
          <reporter-output>
          </reporter-output>
        </test-method> <!-- teardown -->
      </class> <!-- BankingTestCases.TC_LoginTest_001 -->
    </test> <!-- BankingApp Test -->
  </suite> <!-- SeleniumBanking -->
</testng-results>
